CRITICAL - 2024-08-14 06:26:44 --> ParseError: syntax error, unexpected token ")"
[Method: POST, Route: translate-to-code]
in APPPATH\Controllers\Works.php on line 162.
 1 SYSTEMPATH\Autoloader\Autoloader.php(296): CodeIgniter\Autoloader\Autoloader->includeFile('C:\\xampp\\htdocs\\snpad-fgroup\\app\\Controllers\\Works.php')
 2 SYSTEMPATH\Autoloader\Autoloader.php(272): CodeIgniter\Autoloader\Autoloader->loadInNamespace('App\\Controllers\\Works')
 3 [internal function]: CodeIgniter\Autoloader\Autoloader->loadClass('App\\Controllers\\Works')
 4 SYSTEMPATH\CodeIgniter.php(887): class_exists('\\App\\Controllers\\Works', true)
 5 SYSTEMPATH\CodeIgniter.php(496): CodeIgniter\CodeIgniter->startController()
 6 SYSTEMPATH\CodeIgniter.php(355): CodeIgniter\CodeIgniter->handleRequest(null, Object(Config\Cache), false)
 7 SYSTEMPATH\Boot.php(312): CodeIgniter\CodeIgniter->run()
 8 SYSTEMPATH\Boot.php(67): CodeIgniter\Boot::runCodeIgniter(Object(CodeIgniter\CodeIgniter))
 9 FCPATH\index.php(56): CodeIgniter\Boot::bootWeb(Object(Config\Paths))
CRITICAL - 2024-08-14 06:27:58 --> ErrorException: fopen(C:\xampp\htdocs\snpad-fgroup\writable\uploads//20240814/sWEfzoc.snpad): Failed to open stream: No such file or directory
[Method: POST, Route: translate-to-code]
in APPPATH\Controllers\Works.php on line 170.
 1 [internal function]: CodeIgniter\Debug\Exceptions->errorHandler(2, 'fopen(C:\\xampp\\htdocs\\snpad-fgroup\\writable\\uploads//20240814/sWEfzoc.snpad): Failed to open stream: No such file or directory', 'C:\\xampp\\htdocs\\snpad-fgroup\\app\\Controllers\\Works.php', 170)
 2 APPPATH\Controllers\Works.php(170): fopen('C:\\xampp\\htdocs\\snpad-fgroup\\writable\\uploads//20240814/sWEfzoc.snpad', 'w')
 3 SYSTEMPATH\CodeIgniter.php(933): App\Controllers\Works->translate_to_code()
 4 SYSTEMPATH\CodeIgniter.php(509): CodeIgniter\CodeIgniter->runController(Object(App\Controllers\Works))
 5 SYSTEMPATH\CodeIgniter.php(355): CodeIgniter\CodeIgniter->handleRequest(null, Object(Config\Cache), false)
 6 SYSTEMPATH\Boot.php(312): CodeIgniter\CodeIgniter->run()
 7 SYSTEMPATH\Boot.php(67): CodeIgniter\Boot::runCodeIgniter(Object(CodeIgniter\CodeIgniter))
 8 FCPATH\index.php(56): CodeIgniter\Boot::bootWeb(Object(Config\Paths))
CRITICAL - 2024-08-14 06:28:45 --> ErrorException: fopen(C:\xampp\htdocs\snpad-fgroup\writable\uploads//20240814/EgyoBLy.snpad): Failed to open stream: No such file or directory
[Method: POST, Route: translate-to-code]
in APPPATH\Controllers\Works.php on line 171.
 1 [internal function]: CodeIgniter\Debug\Exceptions->errorHandler(2, 'fopen(C:\\xampp\\htdocs\\snpad-fgroup\\writable\\uploads//20240814/EgyoBLy.snpad): Failed to open stream: No such file or directory', 'C:\\xampp\\htdocs\\snpad-fgroup\\app\\Controllers\\Works.php', 171)
 2 APPPATH\Controllers\Works.php(171): fopen('C:\\xampp\\htdocs\\snpad-fgroup\\writable\\uploads//20240814/EgyoBLy.snpad', 'w')
 3 SYSTEMPATH\CodeIgniter.php(933): App\Controllers\Works->translate_to_code()
 4 SYSTEMPATH\CodeIgniter.php(509): CodeIgniter\CodeIgniter->runController(Object(App\Controllers\Works))
 5 SYSTEMPATH\CodeIgniter.php(355): CodeIgniter\CodeIgniter->handleRequest(null, Object(Config\Cache), false)
 6 SYSTEMPATH\Boot.php(312): CodeIgniter\CodeIgniter->run()
 7 SYSTEMPATH\Boot.php(67): CodeIgniter\Boot::runCodeIgniter(Object(CodeIgniter\CodeIgniter))
 8 FCPATH\index.php(56): CodeIgniter\Boot::bootWeb(Object(Config\Paths))
CRITICAL - 2024-08-14 06:30:52 --> ErrorException: fopen(C:\xampp\htdocs\snpad-fgroup\writable\uploads//20240814/NUvWCGl.snpad): Failed to open stream: No such file or directory
[Method: POST, Route: translate-to-code]
in APPPATH\Controllers\Works.php on line 171.
 1 [internal function]: CodeIgniter\Debug\Exceptions->errorHandler(2, 'fopen(C:\\xampp\\htdocs\\snpad-fgroup\\writable\\uploads//20240814/NUvWCGl.snpad): Failed to open stream: No such file or directory', 'C:\\xampp\\htdocs\\snpad-fgroup\\app\\Controllers\\Works.php', 171)
 2 APPPATH\Controllers\Works.php(171): fopen('C:\\xampp\\htdocs\\snpad-fgroup\\writable\\uploads//20240814/NUvWCGl.snpad', 'w')
 3 SYSTEMPATH\CodeIgniter.php(933): App\Controllers\Works->translate_to_code()
 4 SYSTEMPATH\CodeIgniter.php(509): CodeIgniter\CodeIgniter->runController(Object(App\Controllers\Works))
 5 SYSTEMPATH\CodeIgniter.php(355): CodeIgniter\CodeIgniter->handleRequest(null, Object(Config\Cache), false)
 6 SYSTEMPATH\Boot.php(312): CodeIgniter\CodeIgniter->run()
 7 SYSTEMPATH\Boot.php(67): CodeIgniter\Boot::runCodeIgniter(Object(CodeIgniter\CodeIgniter))
 8 FCPATH\index.php(56): CodeIgniter\Boot::bootWeb(Object(Config\Paths))
CRITICAL - 2024-08-14 08:11:07 --> ErrorException: Undefined array key 0
[Method: GET, Route: view]
in APPPATH\Controllers\Works.php on line 55.
 1 APPPATH\Controllers\Works.php(55): CodeIgniter\Debug\Exceptions->errorHandler(2, 'Undefined array key 0', 'C:\\xampp\\htdocs\\snpad-fgroup\\app\\Controllers\\Works.php', 55)
 2 SYSTEMPATH\CodeIgniter.php(933): App\Controllers\Works->displayFile()
 3 SYSTEMPATH\CodeIgniter.php(509): CodeIgniter\CodeIgniter->runController(Object(App\Controllers\Works))
 4 SYSTEMPATH\CodeIgniter.php(355): CodeIgniter\CodeIgniter->handleRequest(null, Object(Config\Cache), false)
 5 SYSTEMPATH\Boot.php(312): CodeIgniter\CodeIgniter->run()
 6 SYSTEMPATH\Boot.php(67): CodeIgniter\Boot::runCodeIgniter(Object(CodeIgniter\CodeIgniter))
 7 FCPATH\index.php(56): CodeIgniter\Boot::bootWeb(Object(Config\Paths))
